[ 2016-04-03T11:00:38+08:00 ] ::1 /ThinkPHP/index.php/home/Index.html
INFO: [ app_init ] --START--
INFO: Run Behavior\BuildLiteBehavior [ RunTime:0.000000s ]
INFO: [ app_init ] --END-- [ RunTime:0.116006s ]
INFO: [ app_begin ] --START--
INFO: Run Behavior\ReadHtmlCacheBehavior [ RunTime:0.092005s ]
INFO: [ app_begin ] --END-- [ RunTime:0.092005s ]
SQL: SHOW COLUMNS FROM `think_bigclass` [ RunTime:0.1100s ]
SQL: SHOW COLUMNS FROM `think_smallclass` [ RunTime:0.1350s ]
SQL: SELECT COUNT(*) AS tp_count FROM `think_bigclass` LIMIT 1   [ RunTime:0.0430s ]
SQL: SELECT `id`,`bid`,`bname` FROM `think_bigclass` ORDER BY id  [ RunTime:0.0010s ]
SQL: SELECT `id`,`bid`,`sid`,`sname` FROM `think_smallclass` ORDER BY id  [ RunTime:0.0010s ]
INFO: [ view_parse ] --START--
INFO: [ template_filter ] --START--
INFO: Run Behavior\ContentReplaceBehavior [ RunTime:0.010001s ]
INFO: [ template_filter ] --END-- [ RunTime:0.010001s ]
NOTIC: [8] Undefined index: aid G:\XAMP\htdocs\ThinkPHP\app\Runtime\Cache\Home\2bc71d220ff77e6b12bf354b9e8a67ea.php 第 40 行.
NOTIC: [8] Undefined index: aid G:\XAMP\htdocs\ThinkPHP\app\Runtime\Cache\Home\2bc71d220ff77e6b12bf354b9e8a67ea.php 第 40 行.
NOTIC: [8] Undefined index: aid G:\XAMP\htdocs\ThinkPHP\app\Runtime\Cache\Home\2bc71d220ff77e6b12bf354b9e8a67ea.php 第 40 行.
NOTIC: [8] Undefined index: aid G:\XAMP\htdocs\ThinkPHP\app\Runtime\Cache\Home\2bc71d220ff77e6b12bf354b9e8a67ea.php 第 40 行.
NOTIC: [8] Undefined index: aid G:\XAMP\htdocs\ThinkPHP\app\Runtime\Cache\Home\2bc71d220ff77e6b12bf354b9e8a67ea.php 第 40 行.
NOTIC: [8] Undefined index: aid G:\XAMP\htdocs\ThinkPHP\app\Runtime\Cache\Home\2bc71d220ff77e6b12bf354b9e8a67ea.php 第 40 行.
NOTIC: [8] Undefined index: aid G:\XAMP\htdocs\ThinkPHP\app\Runtime\Cache\Home\2bc71d220ff77e6b12bf354b9e8a67ea.php 第 40 行.
NOTIC: [8] Undefined index: aid G:\XAMP\htdocs\ThinkPHP\app\Runtime\Cache\Home\2bc71d220ff77e6b12bf354b9e8a67ea.php 第 40 行.
NOTIC: [8] Undefined index: aid G:\XAMP\htdocs\ThinkPHP\app\Runtime\Cache\Home\2bc71d220ff77e6b12bf354b9e8a67ea.php 第 40 行.
NOTIC: [8] Undefined index: aid G:\XAMP\htdocs\ThinkPHP\app\Runtime\Cache\Home\2bc71d220ff77e6b12bf354b9e8a67ea.php 第 40 行.
NOTIC: [8] Undefined index: aid G:\XAMP\htdocs\ThinkPHP\app\Runtime\Cache\Home\2bc71d220ff77e6b12bf354b9e8a67ea.php 第 40 行.
NOTIC: [8] Undefined index: aid G:\XAMP\htdocs\ThinkPHP\app\Runtime\Cache\Home\2bc71d220ff77e6b12bf354b9e8a67ea.php 第 40 行.
NOTIC: [8] Undefined index: aid G:\XAMP\htdocs\ThinkPHP\app\Runtime\Cache\Home\2bc71d220ff77e6b12bf354b9e8a67ea.php 第 40 行.
NOTIC: [8] Undefined index: aid G:\XAMP\htdocs\ThinkPHP\app\Runtime\Cache\Home\2bc71d220ff77e6b12bf354b9e8a67ea.php 第 40 行.
NOTIC: [8] Undefined index: aid G:\XAMP\htdocs\ThinkPHP\app\Runtime\Cache\Home\2bc71d220ff77e6b12bf354b9e8a67ea.php 第 40 行.
NOTIC: [8] Undefined index: aid G:\XAMP\htdocs\ThinkPHP\app\Runtime\Cache\Home\2bc71d220ff77e6b12bf354b9e8a67ea.php 第 40 行.
NOTIC: [8] Undefined index: aid G:\XAMP\htdocs\ThinkPHP\app\Runtime\Cache\Home\2bc71d220ff77e6b12bf354b9e8a67ea.php 第 40 行.
NOTIC: [8] Undefined index: aid G:\XAMP\htdocs\ThinkPHP\app\Runtime\Cache\Home\2bc71d220ff77e6b12bf354b9e8a67ea.php 第 40 行.
NOTIC: [8] Undefined index: aid G:\XAMP\htdocs\ThinkPHP\app\Runtime\Cache\Home\2bc71d220ff77e6b12bf354b9e8a67ea.php 第 40 行.
NOTIC: [8] Undefined index: aid G:\XAMP\htdocs\ThinkPHP\app\Runtime\Cache\Home\2bc71d220ff77e6b12bf354b9e8a67ea.php 第 40 行.
NOTIC: [8] Undefined index: aid G:\XAMP\htdocs\ThinkPHP\app\Runtime\Cache\Home\2bc71d220ff77e6b12bf354b9e8a67ea.php 第 40 行.
NOTIC: [8] Undefined index: aid G:\XAMP\htdocs\ThinkPHP\app\Runtime\Cache\Home\2bc71d220ff77e6b12bf354b9e8a67ea.php 第 40 行.
NOTIC: [8] Undefined index: aid G:\XAMP\htdocs\ThinkPHP\app\Runtime\Cache\Home\2bc71d220ff77e6b12bf354b9e8a67ea.php 第 40 行.
NOTIC: [8] Undefined index: aid G:\XAMP\htdocs\ThinkPHP\app\Runtime\Cache\Home\2bc71d220ff77e6b12bf354b9e8a67ea.php 第 40 行.
NOTIC: [8] Undefined index: aid G:\XAMP\htdocs\ThinkPHP\app\Runtime\Cache\Home\2bc71d220ff77e6b12bf354b9e8a67ea.php 第 40 行.
NOTIC: [8] Undefined index: aid G:\XAMP\htdocs\ThinkPHP\app\Runtime\Cache\Home\2bc71d220ff77e6b12bf354b9e8a67ea.php 第 40 行.
NOTIC: [8] Undefined index: aid G:\XAMP\htdocs\ThinkPHP\app\Runtime\Cache\Home\2bc71d220ff77e6b12bf354b9e8a67ea.php 第 40 行.
NOTIC: [8] Undefined index: aid G:\XAMP\htdocs\ThinkPHP\app\Runtime\Cache\Home\2bc71d220ff77e6b12bf354b9e8a67ea.php 第 40 行.
INFO: Run Behavior\ParseTemplateBehavior [ RunTime:0.228013s ]
INFO: [ view_parse ] --END-- [ RunTime:0.228013s ]
INFO: [ view_filter ] --START--
INFO: Run Behavior\WriteHtmlCacheBehavior [ RunTime:0.030002s ]
INFO: [ view_filter ] --END-- [ RunTime:0.030002s ]
INFO: [ app_end ] --START--
INFO: Run Behavior\ShowPageTraceBehavior [ RunTime:0.014000s ]
INFO: [ app_end ] --END-- [ RunTime:0.014000s ]

[ 2016-04-03T11:09:24+08:00 ] ::1 /ThinkPHP/index.php/home/Index.html
INFO: [ app_init ] --START--
INFO: Run Behavior\BuildLiteBehavior [ RunTime:0.000000s ]
INFO: [ app_init ] --END-- [ RunTime:0.001000s ]
INFO: [ app_begin ] --START--
INFO: Run Behavior\ReadHtmlCacheBehavior [ RunTime:0.001000s ]
INFO: [ app_begin ] --END-- [ RunTime:0.001000s ]
SQL: SHOW COLUMNS FROM `think_bigclass` [ RunTime:0.0030s ]
SQL: SHOW COLUMNS FROM `think_smallclass` [ RunTime:0.0020s ]
SQL: SELECT COUNT(*) AS tp_count FROM `think_bigclass` LIMIT 1   [ RunTime:0.0010s ]
SQL: SELECT `id`,`bid`,`bname` FROM `think_bigclass` ORDER BY id  [ RunTime:0.0000s ]
SQL: SELECT `id`,`bid`,`sid`,`sname` FROM `think_smallclass` ORDER BY id  [ RunTime:0.0000s ]
INFO: [ view_parse ] --START--
INFO: [ template_filter ] --START--
INFO: Run Behavior\ContentReplaceBehavior [ RunTime:0.000000s ]
INFO: [ template_filter ] --END-- [ RunTime:0.000000s ]
NOTIC: [8] Undefined index: aid G:\XAMP\htdocs\ThinkPHP\app\Runtime\Cache\Home\2bc71d220ff77e6b12bf354b9e8a67ea.php 第 40 行.
NOTIC: [8] Undefined index: aid G:\XAMP\htdocs\ThinkPHP\app\Runtime\Cache\Home\2bc71d220ff77e6b12bf354b9e8a67ea.php 第 40 行.
NOTIC: [8] Undefined index: aid G:\XAMP\htdocs\ThinkPHP\app\Runtime\Cache\Home\2bc71d220ff77e6b12bf354b9e8a67ea.php 第 40 行.
NOTIC: [8] Undefined index: aid G:\XAMP\htdocs\ThinkPHP\app\Runtime\Cache\Home\2bc71d220ff77e6b12bf354b9e8a67ea.php 第 40 行.
NOTIC: [8] Undefined index: aid G:\XAMP\htdocs\ThinkPHP\app\Runtime\Cache\Home\2bc71d220ff77e6b12bf354b9e8a67ea.php 第 40 行.
NOTIC: [8] Undefined index: aid G:\XAMP\htdocs\ThinkPHP\app\Runtime\Cache\Home\2bc71d220ff77e6b12bf354b9e8a67ea.php 第 40 行.
NOTIC: [8] Undefined index: aid G:\XAMP\htdocs\ThinkPHP\app\Runtime\Cache\Home\2bc71d220ff77e6b12bf354b9e8a67ea.php 第 40 行.
NOTIC: [8] Undefined index: aid G:\XAMP\htdocs\ThinkPHP\app\Runtime\Cache\Home\2bc71d220ff77e6b12bf354b9e8a67ea.php 第 40 行.
NOTIC: [8] Undefined index: aid G:\XAMP\htdocs\ThinkPHP\app\Runtime\Cache\Home\2bc71d220ff77e6b12bf354b9e8a67ea.php 第 40 行.
NOTIC: [8] Undefined index: aid G:\XAMP\htdocs\ThinkPHP\app\Runtime\Cache\Home\2bc71d220ff77e6b12bf354b9e8a67ea.php 第 40 行.
NOTIC: [8] Undefined index: aid G:\XAMP\htdocs\ThinkPHP\app\Runtime\Cache\Home\2bc71d220ff77e6b12bf354b9e8a67ea.php 第 40 行.
NOTIC: [8] Undefined index: aid G:\XAMP\htdocs\ThinkPHP\app\Runtime\Cache\Home\2bc71d220ff77e6b12bf354b9e8a67ea.php 第 40 行.
NOTIC: [8] Undefined index: aid G:\XAMP\htdocs\ThinkPHP\app\Runtime\Cache\Home\2bc71d220ff77e6b12bf354b9e8a67ea.php 第 40 行.
NOTIC: [8] Undefined index: aid G:\XAMP\htdocs\ThinkPHP\app\Runtime\Cache\Home\2bc71d220ff77e6b12bf354b9e8a67ea.php 第 40 行.
NOTIC: [8] Undefined index: aid G:\XAMP\htdocs\ThinkPHP\app\Runtime\Cache\Home\2bc71d220ff77e6b12bf354b9e8a67ea.php 第 40 行.
NOTIC: [8] Undefined index: aid G:\XAMP\htdocs\ThinkPHP\app\Runtime\Cache\Home\2bc71d220ff77e6b12bf354b9e8a67ea.php 第 40 行.
NOTIC: [8] Undefined index: aid G:\XAMP\htdocs\ThinkPHP\app\Runtime\Cache\Home\2bc71d220ff77e6b12bf354b9e8a67ea.php 第 40 行.
NOTIC: [8] Undefined index: aid G:\XAMP\htdocs\ThinkPHP\app\Runtime\Cache\Home\2bc71d220ff77e6b12bf354b9e8a67ea.php 第 40 行.
NOTIC: [8] Undefined index: aid G:\XAMP\htdocs\ThinkPHP\app\Runtime\Cache\Home\2bc71d220ff77e6b12bf354b9e8a67ea.php 第 40 行.
NOTIC: [8] Undefined index: aid G:\XAMP\htdocs\ThinkPHP\app\Runtime\Cache\Home\2bc71d220ff77e6b12bf354b9e8a67ea.php 第 40 行.
NOTIC: [8] Undefined index: aid G:\XAMP\htdocs\ThinkPHP\app\Runtime\Cache\Home\2bc71d220ff77e6b12bf354b9e8a67ea.php 第 40 行.
NOTIC: [8] Undefined index: aid G:\XAMP\htdocs\ThinkPHP\app\Runtime\Cache\Home\2bc71d220ff77e6b12bf354b9e8a67ea.php 第 40 行.
NOTIC: [8] Undefined index: aid G:\XAMP\htdocs\ThinkPHP\app\Runtime\Cache\Home\2bc71d220ff77e6b12bf354b9e8a67ea.php 第 40 行.
NOTIC: [8] Undefined index: aid G:\XAMP\htdocs\ThinkPHP\app\Runtime\Cache\Home\2bc71d220ff77e6b12bf354b9e8a67ea.php 第 40 行.
NOTIC: [8] Undefined index: aid G:\XAMP\htdocs\ThinkPHP\app\Runtime\Cache\Home\2bc71d220ff77e6b12bf354b9e8a67ea.php 第 40 行.
NOTIC: [8] Undefined index: aid G:\XAMP\htdocs\ThinkPHP\app\Runtime\Cache\Home\2bc71d220ff77e6b12bf354b9e8a67ea.php 第 40 行.
NOTIC: [8] Undefined index: aid G:\XAMP\htdocs\ThinkPHP\app\Runtime\Cache\Home\2bc71d220ff77e6b12bf354b9e8a67ea.php 第 40 行.
NOTIC: [8] Undefined index: aid G:\XAMP\htdocs\ThinkPHP\app\Runtime\Cache\Home\2bc71d220ff77e6b12bf354b9e8a67ea.php 第 40 行.
INFO: Run Behavior\ParseTemplateBehavior [ RunTime:0.010001s ]
INFO: [ view_parse ] --END-- [ RunTime:0.010001s ]
INFO: [ view_filter ] --START--
INFO: Run Behavior\WriteHtmlCacheBehavior [ RunTime:0.000000s ]
INFO: [ view_filter ] --END-- [ RunTime:0.000000s ]
INFO: [ app_end ] --START--
INFO: Run Behavior\ShowPageTraceBehavior [ RunTime:0.001000s ]
INFO: [ app_end ] --END-- [ RunTime:0.001000s ]

[ 2016-04-03T13:27:51+08:00 ] ::1 /ThinkPHP/
INFO: [ app_init ] --START--
INFO: Run Behavior\BuildLiteBehavior [ RunTime:0.000000s ]
INFO: [ app_init ] --END-- [ RunTime:0.001000s ]
INFO: [ app_begin ] --START--
INFO: Run Behavior\ReadHtmlCacheBehavior [ RunTime:0.001000s ]
INFO: [ app_begin ] --END-- [ RunTime:0.001000s ]
SQL: SHOW COLUMNS FROM `think_bigclass` [ RunTime:0.0040s ]
SQL: SHOW COLUMNS FROM `think_smallclass` [ RunTime:0.0040s ]
SQL: SELECT COUNT(*) AS tp_count FROM `think_bigclass` LIMIT 1   [ RunTime:0.0000s ]
SQL: SELECT `id`,`bid`,`bname` FROM `think_bigclass` ORDER BY id  [ RunTime:0.0000s ]
SQL: SELECT `id`,`bid`,`sid`,`sname` FROM `think_smallclass` ORDER BY id  [ RunTime:0.0010s ]
INFO: [ view_parse ] --START--
INFO: [ template_filter ] --START--
INFO: Run Behavior\ContentReplaceBehavior [ RunTime:0.000000s ]
INFO: [ template_filter ] --END-- [ RunTime:0.000000s ]
NOTIC: [8] Undefined index: aid G:\XAMP\htdocs\ThinkPHP\app\Runtime\Cache\Home\2bc71d220ff77e6b12bf354b9e8a67ea.php 第 40 行.
NOTIC: [8] Undefined index: aid G:\XAMP\htdocs\ThinkPHP\app\Runtime\Cache\Home\2bc71d220ff77e6b12bf354b9e8a67ea.php 第 40 行.
NOTIC: [8] Undefined index: aid G:\XAMP\htdocs\ThinkPHP\app\Runtime\Cache\Home\2bc71d220ff77e6b12bf354b9e8a67ea.php 第 40 行.
NOTIC: [8] Undefined index: aid G:\XAMP\htdocs\ThinkPHP\app\Runtime\Cache\Home\2bc71d220ff77e6b12bf354b9e8a67ea.php 第 40 行.
NOTIC: [8] Undefined index: aid G:\XAMP\htdocs\ThinkPHP\app\Runtime\Cache\Home\2bc71d220ff77e6b12bf354b9e8a67ea.php 第 40 行.
NOTIC: [8] Undefined index: aid G:\XAMP\htdocs\ThinkPHP\app\Runtime\Cache\Home\2bc71d220ff77e6b12bf354b9e8a67ea.php 第 40 行.
NOTIC: [8] Undefined index: aid G:\XAMP\htdocs\ThinkPHP\app\Runtime\Cache\Home\2bc71d220ff77e6b12bf354b9e8a67ea.php 第 40 行.
NOTIC: [8] Undefined index: aid G:\XAMP\htdocs\ThinkPHP\app\Runtime\Cache\Home\2bc71d220ff77e6b12bf354b9e8a67ea.php 第 40 行.
NOTIC: [8] Undefined index: aid G:\XAMP\htdocs\ThinkPHP\app\Runtime\Cache\Home\2bc71d220ff77e6b12bf354b9e8a67ea.php 第 40 行.
NOTIC: [8] Undefined index: aid G:\XAMP\htdocs\ThinkPHP\app\Runtime\Cache\Home\2bc71d220ff77e6b12bf354b9e8a67ea.php 第 40 行.
NOTIC: [8] Undefined index: aid G:\XAMP\htdocs\ThinkPHP\app\Runtime\Cache\Home\2bc71d220ff77e6b12bf354b9e8a67ea.php 第 40 行.
NOTIC: [8] Undefined index: aid G:\XAMP\htdocs\ThinkPHP\app\Runtime\Cache\Home\2bc71d220ff77e6b12bf354b9e8a67ea.php 第 40 行.
NOTIC: [8] Undefined index: aid G:\XAMP\htdocs\ThinkPHP\app\Runtime\Cache\Home\2bc71d220ff77e6b12bf354b9e8a67ea.php 第 40 行.
NOTIC: [8] Undefined index: aid G:\XAMP\htdocs\ThinkPHP\app\Runtime\Cache\Home\2bc71d220ff77e6b12bf354b9e8a67ea.php 第 40 行.
NOTIC: [8] Undefined index: aid G:\XAMP\htdocs\ThinkPHP\app\Runtime\Cache\Home\2bc71d220ff77e6b12bf354b9e8a67ea.php 第 40 行.
NOTIC: [8] Undefined index: aid G:\XAMP\htdocs\ThinkPHP\app\Runtime\Cache\Home\2bc71d220ff77e6b12bf354b9e8a67ea.php 第 40 行.
NOTIC: [8] Undefined index: aid G:\XAMP\htdocs\ThinkPHP\app\Runtime\Cache\Home\2bc71d220ff77e6b12bf354b9e8a67ea.php 第 40 行.
NOTIC: [8] Undefined index: aid G:\XAMP\htdocs\ThinkPHP\app\Runtime\Cache\Home\2bc71d220ff77e6b12bf354b9e8a67ea.php 第 40 行.
NOTIC: [8] Undefined index: aid G:\XAMP\htdocs\ThinkPHP\app\Runtime\Cache\Home\2bc71d220ff77e6b12bf354b9e8a67ea.php 第 40 行.
NOTIC: [8] Undefined index: aid G:\XAMP\htdocs\ThinkPHP\app\Runtime\Cache\Home\2bc71d220ff77e6b12bf354b9e8a67ea.php 第 40 行.
NOTIC: [8] Undefined index: aid G:\XAMP\htdocs\ThinkPHP\app\Runtime\Cache\Home\2bc71d220ff77e6b12bf354b9e8a67ea.php 第 40 行.
NOTIC: [8] Undefined index: aid G:\XAMP\htdocs\ThinkPHP\app\Runtime\Cache\Home\2bc71d220ff77e6b12bf354b9e8a67ea.php 第 40 行.
NOTIC: [8] Undefined index: aid G:\XAMP\htdocs\ThinkPHP\app\Runtime\Cache\Home\2bc71d220ff77e6b12bf354b9e8a67ea.php 第 40 行.
NOTIC: [8] Undefined index: aid G:\XAMP\htdocs\ThinkPHP\app\Runtime\Cache\Home\2bc71d220ff77e6b12bf354b9e8a67ea.php 第 40 行.
NOTIC: [8] Undefined index: aid G:\XAMP\htdocs\ThinkPHP\app\Runtime\Cache\Home\2bc71d220ff77e6b12bf354b9e8a67ea.php 第 40 行.
NOTIC: [8] Undefined index: aid G:\XAMP\htdocs\ThinkPHP\app\Runtime\Cache\Home\2bc71d220ff77e6b12bf354b9e8a67ea.php 第 40 行.
NOTIC: [8] Undefined index: aid G:\XAMP\htdocs\ThinkPHP\app\Runtime\Cache\Home\2bc71d220ff77e6b12bf354b9e8a67ea.php 第 40 行.
NOTIC: [8] Undefined index: aid G:\XAMP\htdocs\ThinkPHP\app\Runtime\Cache\Home\2bc71d220ff77e6b12bf354b9e8a67ea.php 第 40 行.
INFO: Run Behavior\ParseTemplateBehavior [ RunTime:0.017001s ]
INFO: [ view_parse ] --END-- [ RunTime:0.017001s ]
INFO: [ view_filter ] --START--
INFO: Run Behavior\WriteHtmlCacheBehavior [ RunTime:0.001000s ]
INFO: [ view_filter ] --END-- [ RunTime:0.001000s ]
INFO: [ app_end ] --START--
INFO: Run Behavior\ShowPageTraceBehavior [ RunTime:0.001000s ]
INFO: [ app_end ] --END-- [ RunTime:0.001000s ]

[ 2016-04-03T21:28:29+08:00 ] ::1 /ThinkPHP/index.php/home/Index.html
INFO: [ app_init ] --START--
INFO: Run Behavior\BuildLiteBehavior [ RunTime:0.000000s ]
INFO: [ app_init ] --END-- [ RunTime:0.001000s ]
INFO: [ app_begin ] --START--
INFO: Run Behavior\ReadHtmlCacheBehavior [ RunTime:0.001001s ]
INFO: [ app_begin ] --END-- [ RunTime:0.001001s ]
SQL: SHOW COLUMNS FROM `think_bigclass` [ RunTime:0.0030s ]
SQL: SHOW COLUMNS FROM `think_smallclass` [ RunTime:0.0020s ]
SQL: SELECT COUNT(*) AS tp_count FROM `think_bigclass` LIMIT 1   [ RunTime:0.0000s ]
SQL: SELECT `id`,`bid`,`bname` FROM `think_bigclass` ORDER BY id  [ RunTime:0.0000s ]
SQL: SELECT `id`,`bid`,`sid`,`sname` FROM `think_smallclass` ORDER BY id  [ RunTime:0.0010s ]
INFO: [ view_parse ] --START--
INFO: [ template_filter ] --START--
INFO: Run Behavior\ContentReplaceBehavior [ RunTime:0.000000s ]
INFO: [ template_filter ] --END-- [ RunTime:0.000000s ]
NOTIC: [8] Undefined index: aid G:\XAMP\htdocs\ThinkPHP\app\Runtime\Cache\Home\2bc71d220ff77e6b12bf354b9e8a67ea.php 第 40 行.
NOTIC: [8] Undefined index: aid G:\XAMP\htdocs\ThinkPHP\app\Runtime\Cache\Home\2bc71d220ff77e6b12bf354b9e8a67ea.php 第 40 行.
NOTIC: [8] Undefined index: aid G:\XAMP\htdocs\ThinkPHP\app\Runtime\Cache\Home\2bc71d220ff77e6b12bf354b9e8a67ea.php 第 40 行.
NOTIC: [8] Undefined index: aid G:\XAMP\htdocs\ThinkPHP\app\Runtime\Cache\Home\2bc71d220ff77e6b12bf354b9e8a67ea.php 第 40 行.
NOTIC: [8] Undefined index: aid G:\XAMP\htdocs\ThinkPHP\app\Runtime\Cache\Home\2bc71d220ff77e6b12bf354b9e8a67ea.php 第 40 行.
NOTIC: [8] Undefined index: aid G:\XAMP\htdocs\ThinkPHP\app\Runtime\Cache\Home\2bc71d220ff77e6b12bf354b9e8a67ea.php 第 40 行.
NOTIC: [8] Undefined index: aid G:\XAMP\htdocs\ThinkPHP\app\Runtime\Cache\Home\2bc71d220ff77e6b12bf354b9e8a67ea.php 第 40 行.
NOTIC: [8] Undefined index: aid G:\XAMP\htdocs\ThinkPHP\app\Runtime\Cache\Home\2bc71d220ff77e6b12bf354b9e8a67ea.php 第 40 行.
NOTIC: [8] Undefined index: aid G:\XAMP\htdocs\ThinkPHP\app\Runtime\Cache\Home\2bc71d220ff77e6b12bf354b9e8a67ea.php 第 40 行.
NOTIC: [8] Undefined index: aid G:\XAMP\htdocs\ThinkPHP\app\Runtime\Cache\Home\2bc71d220ff77e6b12bf354b9e8a67ea.php 第 40 行.
NOTIC: [8] Undefined index: aid G:\XAMP\htdocs\ThinkPHP\app\Runtime\Cache\Home\2bc71d220ff77e6b12bf354b9e8a67ea.php 第 40 行.
NOTIC: [8] Undefined index: aid G:\XAMP\htdocs\ThinkPHP\app\Runtime\Cache\Home\2bc71d220ff77e6b12bf354b9e8a67ea.php 第 40 行.
NOTIC: [8] Undefined index: aid G:\XAMP\htdocs\ThinkPHP\app\Runtime\Cache\Home\2bc71d220ff77e6b12bf354b9e8a67ea.php 第 40 行.
NOTIC: [8] Undefined index: aid G:\XAMP\htdocs\ThinkPHP\app\Runtime\Cache\Home\2bc71d220ff77e6b12bf354b9e8a67ea.php 第 40 行.
NOTIC: [8] Undefined index: aid G:\XAMP\htdocs\ThinkPHP\app\Runtime\Cache\Home\2bc71d220ff77e6b12bf354b9e8a67ea.php 第 40 行.
NOTIC: [8] Undefined index: aid G:\XAMP\htdocs\ThinkPHP\app\Runtime\Cache\Home\2bc71d220ff77e6b12bf354b9e8a67ea.php 第 40 行.
NOTIC: [8] Undefined index: aid G:\XAMP\htdocs\ThinkPHP\app\Runtime\Cache\Home\2bc71d220ff77e6b12bf354b9e8a67ea.php 第 40 行.
NOTIC: [8] Undefined index: aid G:\XAMP\htdocs\ThinkPHP\app\Runtime\Cache\Home\2bc71d220ff77e6b12bf354b9e8a67ea.php 第 40 行.
NOTIC: [8] Undefined index: aid G:\XAMP\htdocs\ThinkPHP\app\Runtime\Cache\Home\2bc71d220ff77e6b12bf354b9e8a67ea.php 第 40 行.
NOTIC: [8] Undefined index: aid G:\XAMP\htdocs\ThinkPHP\app\Runtime\Cache\Home\2bc71d220ff77e6b12bf354b9e8a67ea.php 第 40 行.
NOTIC: [8] Undefined index: aid G:\XAMP\htdocs\ThinkPHP\app\Runtime\Cache\Home\2bc71d220ff77e6b12bf354b9e8a67ea.php 第 40 行.
NOTIC: [8] Undefined index: aid G:\XAMP\htdocs\ThinkPHP\app\Runtime\Cache\Home\2bc71d220ff77e6b12bf354b9e8a67ea.php 第 40 行.
NOTIC: [8] Undefined index: aid G:\XAMP\htdocs\ThinkPHP\app\Runtime\Cache\Home\2bc71d220ff77e6b12bf354b9e8a67ea.php 第 40 行.
NOTIC: [8] Undefined index: aid G:\XAMP\htdocs\ThinkPHP\app\Runtime\Cache\Home\2bc71d220ff77e6b12bf354b9e8a67ea.php 第 40 行.
NOTIC: [8] Undefined index: aid G:\XAMP\htdocs\ThinkPHP\app\Runtime\Cache\Home\2bc71d220ff77e6b12bf354b9e8a67ea.php 第 40 行.
NOTIC: [8] Undefined index: aid G:\XAMP\htdocs\ThinkPHP\app\Runtime\Cache\Home\2bc71d220ff77e6b12bf354b9e8a67ea.php 第 40 行.
NOTIC: [8] Undefined index: aid G:\XAMP\htdocs\ThinkPHP\app\Runtime\Cache\Home\2bc71d220ff77e6b12bf354b9e8a67ea.php 第 40 行.
NOTIC: [8] Undefined index: aid G:\XAMP\htdocs\ThinkPHP\app\Runtime\Cache\Home\2bc71d220ff77e6b12bf354b9e8a67ea.php 第 40 行.
INFO: Run Behavior\ParseTemplateBehavior [ RunTime:0.009000s ]
INFO: [ view_parse ] --END-- [ RunTime:0.009000s ]
INFO: [ view_filter ] --START--
INFO: Run Behavior\WriteHtmlCacheBehavior [ RunTime:0.001000s ]
INFO: [ view_filter ] --END-- [ RunTime:0.001000s ]
INFO: [ app_end ] --START--
INFO: Run Behavior\ShowPageTraceBehavior [ RunTime:0.001000s ]
INFO: [ app_end ] --END-- [ RunTime:0.001000s ]

