[ 2016-04-18T15:04:12+08:00 ] ::1 /ThinkPHP/index.php/home/Index.html
INFO: [ app_init ] --START--
INFO: Run Behavior\BuildLiteBehavior [ RunTime:0.000000s ]
INFO: [ app_init ] --END-- [ RunTime:0.001000s ]
INFO: [ app_begin ] --START--
INFO: Run Behavior\ReadHtmlCacheBehavior [ RunTime:0.001000s ]
INFO: [ app_begin ] --END-- [ RunTime:0.001000s ]
SQL: SHOW COLUMNS FROM `think_bigclass` [ RunTime:0.3390s ]
SQL: SHOW COLUMNS FROM `think_smallclass` [ RunTime:0.0770s ]
SQL: SELECT COUNT(*) AS tp_count FROM `think_bigclass` LIMIT 1   [ RunTime:0.0010s ]
SQL: SELECT `id`,`bid`,`bname` FROM `think_bigclass` ORDER BY id  [ RunTime:0.0010s ]
SQL: SELECT `id`,`bid`,`sid`,`sname` FROM `think_smallclass` ORDER BY id  [ RunTime:0.0020s ]
INFO: [ view_parse ] --START--
INFO: [ template_filter ] --START--
INFO: Run Behavior\ContentReplaceBehavior [ RunTime:0.000000s ]
INFO: [ template_filter ] --END-- [ RunTime:0.000000s ]
NOTIC: [8] Undefined index: aid G:\XAMP\htdocs\ThinkPHP\app\Runtime\Cache\Home\2bc71d220ff77e6b12bf354b9e8a67ea.php 第 40 行.
NOTIC: [8] Undefined index: aid G:\XAMP\htdocs\ThinkPHP\app\Runtime\Cache\Home\2bc71d220ff77e6b12bf354b9e8a67ea.php 第 40 行.
NOTIC: [8] Undefined index: aid G:\XAMP\htdocs\ThinkPHP\app\Runtime\Cache\Home\2bc71d220ff77e6b12bf354b9e8a67ea.php 第 40 行.
NOTIC: [8] Undefined index: aid G:\XAMP\htdocs\ThinkPHP\app\Runtime\Cache\Home\2bc71d220ff77e6b12bf354b9e8a67ea.php 第 40 行.
NOTIC: [8] Undefined index: aid G:\XAMP\htdocs\ThinkPHP\app\Runtime\Cache\Home\2bc71d220ff77e6b12bf354b9e8a67ea.php 第 40 行.
NOTIC: [8] Undefined index: aid G:\XAMP\htdocs\ThinkPHP\app\Runtime\Cache\Home\2bc71d220ff77e6b12bf354b9e8a67ea.php 第 40 行.
NOTIC: [8] Undefined index: aid G:\XAMP\htdocs\ThinkPHP\app\Runtime\Cache\Home\2bc71d220ff77e6b12bf354b9e8a67ea.php 第 40 行.
NOTIC: [8] Undefined index: aid G:\XAMP\htdocs\ThinkPHP\app\Runtime\Cache\Home\2bc71d220ff77e6b12bf354b9e8a67ea.php 第 40 行.
NOTIC: [8] Undefined index: aid G:\XAMP\htdocs\ThinkPHP\app\Runtime\Cache\Home\2bc71d220ff77e6b12bf354b9e8a67ea.php 第 40 行.
NOTIC: [8] Undefined index: aid G:\XAMP\htdocs\ThinkPHP\app\Runtime\Cache\Home\2bc71d220ff77e6b12bf354b9e8a67ea.php 第 40 行.
NOTIC: [8] Undefined index: aid G:\XAMP\htdocs\ThinkPHP\app\Runtime\Cache\Home\2bc71d220ff77e6b12bf354b9e8a67ea.php 第 40 行.
NOTIC: [8] Undefined index: aid G:\XAMP\htdocs\ThinkPHP\app\Runtime\Cache\Home\2bc71d220ff77e6b12bf354b9e8a67ea.php 第 40 行.
NOTIC: [8] Undefined index: aid G:\XAMP\htdocs\ThinkPHP\app\Runtime\Cache\Home\2bc71d220ff77e6b12bf354b9e8a67ea.php 第 40 行.
NOTIC: [8] Undefined index: aid G:\XAMP\htdocs\ThinkPHP\app\Runtime\Cache\Home\2bc71d220ff77e6b12bf354b9e8a67ea.php 第 40 行.
NOTIC: [8] Undefined index: aid G:\XAMP\htdocs\ThinkPHP\app\Runtime\Cache\Home\2bc71d220ff77e6b12bf354b9e8a67ea.php 第 40 行.
NOTIC: [8] Undefined index: aid G:\XAMP\htdocs\ThinkPHP\app\Runtime\Cache\Home\2bc71d220ff77e6b12bf354b9e8a67ea.php 第 40 行.
NOTIC: [8] Undefined index: aid G:\XAMP\htdocs\ThinkPHP\app\Runtime\Cache\Home\2bc71d220ff77e6b12bf354b9e8a67ea.php 第 40 行.
NOTIC: [8] Undefined index: aid G:\XAMP\htdocs\ThinkPHP\app\Runtime\Cache\Home\2bc71d220ff77e6b12bf354b9e8a67ea.php 第 40 行.
NOTIC: [8] Undefined index: aid G:\XAMP\htdocs\ThinkPHP\app\Runtime\Cache\Home\2bc71d220ff77e6b12bf354b9e8a67ea.php 第 40 行.
NOTIC: [8] Undefined index: aid G:\XAMP\htdocs\ThinkPHP\app\Runtime\Cache\Home\2bc71d220ff77e6b12bf354b9e8a67ea.php 第 40 行.
NOTIC: [8] Undefined index: aid G:\XAMP\htdocs\ThinkPHP\app\Runtime\Cache\Home\2bc71d220ff77e6b12bf354b9e8a67ea.php 第 40 行.
NOTIC: [8] Undefined index: aid G:\XAMP\htdocs\ThinkPHP\app\Runtime\Cache\Home\2bc71d220ff77e6b12bf354b9e8a67ea.php 第 40 行.
NOTIC: [8] Undefined index: aid G:\XAMP\htdocs\ThinkPHP\app\Runtime\Cache\Home\2bc71d220ff77e6b12bf354b9e8a67ea.php 第 40 行.
NOTIC: [8] Undefined index: aid G:\XAMP\htdocs\ThinkPHP\app\Runtime\Cache\Home\2bc71d220ff77e6b12bf354b9e8a67ea.php 第 40 行.
INFO: Run Behavior\ParseTemplateBehavior [ RunTime:0.025001s ]
INFO: [ view_parse ] --END-- [ RunTime:0.025001s ]
INFO: [ view_filter ] --START--
INFO: Run Behavior\WriteHtmlCacheBehavior [ RunTime:0.001000s ]
INFO: [ view_filter ] --END-- [ RunTime:0.001000s ]
INFO: [ app_end ] --START--
INFO: Run Behavior\ShowPageTraceBehavior [ RunTime:0.001000s ]
INFO: [ app_end ] --END-- [ RunTime:0.001000s ]

[ 2016-04-18T19:23:27+08:00 ] ::1 /ThinkPHP/Home/login
INFO: [ app_init ] --START--
INFO: Run Behavior\BuildLiteBehavior [ RunTime:0.000000s ]
INFO: [ app_init ] --END-- [ RunTime:0.000000s ]
INFO: [ app_begin ] --START--
INFO: Run Behavior\ReadHtmlCacheBehavior [ RunTime:0.001000s ]
INFO: [ app_begin ] --END-- [ RunTime:0.001000s ]
ERR: 无法加载控制器:Login

[ 2016-04-18T19:23:29+08:00 ] ::1 /ThinkPHP/Home/
INFO: [ app_init ] --START--
INFO: Run Behavior\BuildLiteBehavior [ RunTime:0.000000s ]
INFO: [ app_init ] --END-- [ RunTime:0.000000s ]
INFO: [ app_begin ] --START--
INFO: Run Behavior\ReadHtmlCacheBehavior [ RunTime:0.000000s ]
INFO: [ app_begin ] --END-- [ RunTime:0.000000s ]
SQL: SHOW COLUMNS FROM `think_bigclass` [ RunTime:0.0100s ]
SQL: SHOW COLUMNS FROM `think_smallclass` [ RunTime:0.0000s ]
SQL: SELECT COUNT(*) AS tp_count FROM `think_bigclass` LIMIT 1   [ RunTime:0.0000s ]
SQL: SELECT `id`,`bid`,`bname` FROM `think_bigclass` ORDER BY id  [ RunTime:0.0000s ]
SQL: SELECT `id`,`bid`,`sid`,`sname` FROM `think_smallclass` ORDER BY id  [ RunTime:0.0000s ]
INFO: [ view_parse ] --START--
INFO: [ template_filter ] --START--
INFO: Run Behavior\ContentReplaceBehavior [ RunTime:0.000000s ]
INFO: [ template_filter ] --END-- [ RunTime:0.000000s ]
NOTIC: [8] Undefined index: aid G:\XAMP\htdocs\ThinkPHP\app\Runtime\Cache\Home\2bc71d220ff77e6b12bf354b9e8a67ea.php 第 40 行.
NOTIC: [8] Undefined index: aid G:\XAMP\htdocs\ThinkPHP\app\Runtime\Cache\Home\2bc71d220ff77e6b12bf354b9e8a67ea.php 第 40 行.
NOTIC: [8] Undefined index: aid G:\XAMP\htdocs\ThinkPHP\app\Runtime\Cache\Home\2bc71d220ff77e6b12bf354b9e8a67ea.php 第 40 行.
NOTIC: [8] Undefined index: aid G:\XAMP\htdocs\ThinkPHP\app\Runtime\Cache\Home\2bc71d220ff77e6b12bf354b9e8a67ea.php 第 40 行.
NOTIC: [8] Undefined index: aid G:\XAMP\htdocs\ThinkPHP\app\Runtime\Cache\Home\2bc71d220ff77e6b12bf354b9e8a67ea.php 第 40 行.
NOTIC: [8] Undefined index: aid G:\XAMP\htdocs\ThinkPHP\app\Runtime\Cache\Home\2bc71d220ff77e6b12bf354b9e8a67ea.php 第 40 行.
NOTIC: [8] Undefined index: aid G:\XAMP\htdocs\ThinkPHP\app\Runtime\Cache\Home\2bc71d220ff77e6b12bf354b9e8a67ea.php 第 40 行.
NOTIC: [8] Undefined index: aid G:\XAMP\htdocs\ThinkPHP\app\Runtime\Cache\Home\2bc71d220ff77e6b12bf354b9e8a67ea.php 第 40 行.
NOTIC: [8] Undefined index: aid G:\XAMP\htdocs\ThinkPHP\app\Runtime\Cache\Home\2bc71d220ff77e6b12bf354b9e8a67ea.php 第 40 行.
NOTIC: [8] Undefined index: aid G:\XAMP\htdocs\ThinkPHP\app\Runtime\Cache\Home\2bc71d220ff77e6b12bf354b9e8a67ea.php 第 40 行.
NOTIC: [8] Undefined index: aid G:\XAMP\htdocs\ThinkPHP\app\Runtime\Cache\Home\2bc71d220ff77e6b12bf354b9e8a67ea.php 第 40 行.
NOTIC: [8] Undefined index: aid G:\XAMP\htdocs\ThinkPHP\app\Runtime\Cache\Home\2bc71d220ff77e6b12bf354b9e8a67ea.php 第 40 行.
NOTIC: [8] Undefined index: aid G:\XAMP\htdocs\ThinkPHP\app\Runtime\Cache\Home\2bc71d220ff77e6b12bf354b9e8a67ea.php 第 40 行.
NOTIC: [8] Undefined index: aid G:\XAMP\htdocs\ThinkPHP\app\Runtime\Cache\Home\2bc71d220ff77e6b12bf354b9e8a67ea.php 第 40 行.
NOTIC: [8] Undefined index: aid G:\XAMP\htdocs\ThinkPHP\app\Runtime\Cache\Home\2bc71d220ff77e6b12bf354b9e8a67ea.php 第 40 行.
NOTIC: [8] Undefined index: aid G:\XAMP\htdocs\ThinkPHP\app\Runtime\Cache\Home\2bc71d220ff77e6b12bf354b9e8a67ea.php 第 40 行.
NOTIC: [8] Undefined index: aid G:\XAMP\htdocs\ThinkPHP\app\Runtime\Cache\Home\2bc71d220ff77e6b12bf354b9e8a67ea.php 第 40 行.
NOTIC: [8] Undefined index: aid G:\XAMP\htdocs\ThinkPHP\app\Runtime\Cache\Home\2bc71d220ff77e6b12bf354b9e8a67ea.php 第 40 行.
NOTIC: [8] Undefined index: aid G:\XAMP\htdocs\ThinkPHP\app\Runtime\Cache\Home\2bc71d220ff77e6b12bf354b9e8a67ea.php 第 40 行.
NOTIC: [8] Undefined index: aid G:\XAMP\htdocs\ThinkPHP\app\Runtime\Cache\Home\2bc71d220ff77e6b12bf354b9e8a67ea.php 第 40 行.
NOTIC: [8] Undefined index: aid G:\XAMP\htdocs\ThinkPHP\app\Runtime\Cache\Home\2bc71d220ff77e6b12bf354b9e8a67ea.php 第 40 行.
NOTIC: [8] Undefined index: aid G:\XAMP\htdocs\ThinkPHP\app\Runtime\Cache\Home\2bc71d220ff77e6b12bf354b9e8a67ea.php 第 40 行.
NOTIC: [8] Undefined index: aid G:\XAMP\htdocs\ThinkPHP\app\Runtime\Cache\Home\2bc71d220ff77e6b12bf354b9e8a67ea.php 第 40 行.
NOTIC: [8] Undefined index: aid G:\XAMP\htdocs\ThinkPHP\app\Runtime\Cache\Home\2bc71d220ff77e6b12bf354b9e8a67ea.php 第 40 行.
INFO: Run Behavior\ParseTemplateBehavior [ RunTime:0.014000s ]
INFO: [ view_parse ] --END-- [ RunTime:0.014000s ]
INFO: [ view_filter ] --START--
INFO: Run Behavior\WriteHtmlCacheBehavior [ RunTime:0.000000s ]
INFO: [ view_filter ] --END-- [ RunTime:0.000000s ]
INFO: [ app_end ] --START--
INFO: Run Behavior\ShowPageTraceBehavior [ RunTime:0.001001s ]
INFO: [ app_end ] --END-- [ RunTime:0.001001s ]

