[ 2016-04-10T01:05:19+08:00 ] ::1 /ThinkPHP/index.php/home/Index.html
INFO: [ app_init ] --START--
INFO: Run Behavior\BuildLiteBehavior [ RunTime:0.000000s ]
INFO: [ app_init ] --END-- [ RunTime:0.135008s ]
INFO: [ app_begin ] --START--
INFO: Run Behavior\ReadHtmlCacheBehavior [ RunTime:0.012000s ]
INFO: [ app_begin ] --END-- [ RunTime:0.012000s ]
SQL: SHOW COLUMNS FROM `think_bigclass` [ RunTime:0.2270s ]
SQL: SHOW COLUMNS FROM `think_smallclass` [ RunTime:0.0910s ]
SQL: SELECT COUNT(*) AS tp_count FROM `think_bigclass` LIMIT 1   [ RunTime:0.0670s ]
SQL: SELECT `id`,`bid`,`bname` FROM `think_bigclass` ORDER BY id  [ RunTime:0.0010s ]
SQL: SELECT `id`,`bid`,`sid`,`sname` FROM `think_smallclass` ORDER BY id  [ RunTime:0.0020s ]
INFO: [ view_parse ] --START--
INFO: [ template_filter ] --START--
INFO: Run Behavior\ContentReplaceBehavior [ RunTime:0.000000s ]
INFO: [ template_filter ] --END-- [ RunTime:0.001000s ]
NOTIC: [8] Undefined index: aid G:\XAMP\htdocs\ThinkPHP\app\Runtime\Cache\Home\2bc71d220ff77e6b12bf354b9e8a67ea.php 第 40 行.
NOTIC: [8] Undefined index: aid G:\XAMP\htdocs\ThinkPHP\app\Runtime\Cache\Home\2bc71d220ff77e6b12bf354b9e8a67ea.php 第 40 行.
NOTIC: [8] Undefined index: aid G:\XAMP\htdocs\ThinkPHP\app\Runtime\Cache\Home\2bc71d220ff77e6b12bf354b9e8a67ea.php 第 40 行.
NOTIC: [8] Undefined index: aid G:\XAMP\htdocs\ThinkPHP\app\Runtime\Cache\Home\2bc71d220ff77e6b12bf354b9e8a67ea.php 第 40 行.
NOTIC: [8] Undefined index: aid G:\XAMP\htdocs\ThinkPHP\app\Runtime\Cache\Home\2bc71d220ff77e6b12bf354b9e8a67ea.php 第 40 行.
NOTIC: [8] Undefined index: aid G:\XAMP\htdocs\ThinkPHP\app\Runtime\Cache\Home\2bc71d220ff77e6b12bf354b9e8a67ea.php 第 40 行.
NOTIC: [8] Undefined index: aid G:\XAMP\htdocs\ThinkPHP\app\Runtime\Cache\Home\2bc71d220ff77e6b12bf354b9e8a67ea.php 第 40 行.
NOTIC: [8] Undefined index: aid G:\XAMP\htdocs\ThinkPHP\app\Runtime\Cache\Home\2bc71d220ff77e6b12bf354b9e8a67ea.php 第 40 行.
NOTIC: [8] Undefined index: aid G:\XAMP\htdocs\ThinkPHP\app\Runtime\Cache\Home\2bc71d220ff77e6b12bf354b9e8a67ea.php 第 40 行.
NOTIC: [8] Undefined index: aid G:\XAMP\htdocs\ThinkPHP\app\Runtime\Cache\Home\2bc71d220ff77e6b12bf354b9e8a67ea.php 第 40 行.
NOTIC: [8] Undefined index: aid G:\XAMP\htdocs\ThinkPHP\app\Runtime\Cache\Home\2bc71d220ff77e6b12bf354b9e8a67ea.php 第 40 行.
NOTIC: [8] Undefined index: aid G:\XAMP\htdocs\ThinkPHP\app\Runtime\Cache\Home\2bc71d220ff77e6b12bf354b9e8a67ea.php 第 40 行.
NOTIC: [8] Undefined index: aid G:\XAMP\htdocs\ThinkPHP\app\Runtime\Cache\Home\2bc71d220ff77e6b12bf354b9e8a67ea.php 第 40 行.
NOTIC: [8] Undefined index: aid G:\XAMP\htdocs\ThinkPHP\app\Runtime\Cache\Home\2bc71d220ff77e6b12bf354b9e8a67ea.php 第 40 行.
NOTIC: [8] Undefined index: aid G:\XAMP\htdocs\ThinkPHP\app\Runtime\Cache\Home\2bc71d220ff77e6b12bf354b9e8a67ea.php 第 40 行.
NOTIC: [8] Undefined index: aid G:\XAMP\htdocs\ThinkPHP\app\Runtime\Cache\Home\2bc71d220ff77e6b12bf354b9e8a67ea.php 第 40 行.
NOTIC: [8] Undefined index: aid G:\XAMP\htdocs\ThinkPHP\app\Runtime\Cache\Home\2bc71d220ff77e6b12bf354b9e8a67ea.php 第 40 行.
NOTIC: [8] Undefined index: aid G:\XAMP\htdocs\ThinkPHP\app\Runtime\Cache\Home\2bc71d220ff77e6b12bf354b9e8a67ea.php 第 40 行.
NOTIC: [8] Undefined index: aid G:\XAMP\htdocs\ThinkPHP\app\Runtime\Cache\Home\2bc71d220ff77e6b12bf354b9e8a67ea.php 第 40 行.
NOTIC: [8] Undefined index: aid G:\XAMP\htdocs\ThinkPHP\app\Runtime\Cache\Home\2bc71d220ff77e6b12bf354b9e8a67ea.php 第 40 行.
NOTIC: [8] Undefined index: aid G:\XAMP\htdocs\ThinkPHP\app\Runtime\Cache\Home\2bc71d220ff77e6b12bf354b9e8a67ea.php 第 40 行.
NOTIC: [8] Undefined index: aid G:\XAMP\htdocs\ThinkPHP\app\Runtime\Cache\Home\2bc71d220ff77e6b12bf354b9e8a67ea.php 第 40 行.
NOTIC: [8] Undefined index: aid G:\XAMP\htdocs\ThinkPHP\app\Runtime\Cache\Home\2bc71d220ff77e6b12bf354b9e8a67ea.php 第 40 行.
NOTIC: [8] Undefined index: aid G:\XAMP\htdocs\ThinkPHP\app\Runtime\Cache\Home\2bc71d220ff77e6b12bf354b9e8a67ea.php 第 40 行.
INFO: Run Behavior\ParseTemplateBehavior [ RunTime:0.156009s ]
INFO: [ view_parse ] --END-- [ RunTime:0.156009s ]
INFO: [ view_filter ] --START--
INFO: Run Behavior\WriteHtmlCacheBehavior [ RunTime:0.009000s ]
INFO: [ view_filter ] --END-- [ RunTime:0.009000s ]
INFO: [ app_end ] --START--
INFO: Run Behavior\ShowPageTraceBehavior [ RunTime:0.014001s ]
INFO: [ app_end ] --END-- [ RunTime:0.014001s ]

