[ 2016-05-04T00:21:50+08:00 ] ::1 /ThinkPHP/index.php/admin/login
INFO: [ app_init ] --START--
INFO: Run Behavior\BuildLiteBehavior [ RunTime:0.000000s ]
INFO: [ app_init ] --END-- [ RunTime:0.000000s ]
INFO: [ app_begin ] --START--
INFO: Run Behavior\ReadHtmlCacheBehavior [ RunTime:0.001000s ]
INFO: [ app_begin ] --END-- [ RunTime:0.001000s ]
INFO: [ view_parse ] --START--
INFO: [ template_filter ] --START--
INFO: Run Behavior\ContentReplaceBehavior [ RunTime:0.000000s ]
INFO: [ template_filter ] --END-- [ RunTime:0.001000s ]
INFO: Run Behavior\ParseTemplateBehavior [ RunTime:0.157009s ]
INFO: [ view_parse ] --END-- [ RunTime:0.157009s ]
INFO: [ view_filter ] --START--
INFO: Run Behavior\WriteHtmlCacheBehavior [ RunTime:0.000000s ]
INFO: [ view_filter ] --END-- [ RunTime:0.000000s ]
INFO: [ app_end ] --START--
INFO: Run Behavior\ShowPageTraceBehavior [ RunTime:0.001001s ]
INFO: [ app_end ] --END-- [ RunTime:0.001001s ]

[ 2016-05-04T00:21:53+08:00 ] ::1 /ThinkPHP/index.php/Admin/Login/login
INFO: [ app_init ] --START--
INFO: Run Behavior\BuildLiteBehavior [ RunTime:0.000000s ]
INFO: [ app_init ] --END-- [ RunTime:0.001000s ]
INFO: [ app_begin ] --START--
INFO: Run Behavior\ReadHtmlCacheBehavior [ RunTime:0.001000s ]
INFO: [ app_begin ] --END-- [ RunTime:0.001000s ]
SQL: SHOW COLUMNS FROM `think_user` [ RunTime:0.3170s ]
SQL: SELECT * FROM `think_user` WHERE ( username ='john' AND pwd = 'gdgydx520' ) LIMIT 1   [ RunTime:0.0190s ]

[ 2016-05-04T00:21:55+08:00 ] ::1 /ThinkPHP/index.php/Admin/login.html
INFO: [ app_init ] --START--
INFO: Run Behavior\BuildLiteBehavior [ RunTime:0.000000s ]
INFO: [ app_init ] --END-- [ RunTime:0.000000s ]
INFO: [ app_begin ] --START--
INFO: Run Behavior\ReadHtmlCacheBehavior [ RunTime:0.000000s ]
INFO: [ app_begin ] --END-- [ RunTime:0.000000s ]
INFO: [ view_parse ] --START--
INFO: [ template_filter ] --START--
INFO: Run Behavior\ContentReplaceBehavior [ RunTime:0.000000s ]
INFO: [ template_filter ] --END-- [ RunTime:0.000000s ]
INFO: Run Behavior\ParseTemplateBehavior [ RunTime:0.004001s ]
INFO: [ view_parse ] --END-- [ RunTime:0.005001s ]
INFO: [ view_filter ] --START--
INFO: Run Behavior\WriteHtmlCacheBehavior [ RunTime:0.000000s ]
INFO: [ view_filter ] --END-- [ RunTime:0.000000s ]
INFO: [ app_end ] --START--
INFO: Run Behavior\ShowPageTraceBehavior [ RunTime:0.000000s ]
INFO: [ app_end ] --END-- [ RunTime:0.000000s ]

[ 2016-05-04T00:22:01+08:00 ] ::1 /ThinkPHP/index.php/Admin/Login/login
INFO: [ app_init ] --START--
INFO: Run Behavior\BuildLiteBehavior [ RunTime:0.000000s ]
INFO: [ app_init ] --END-- [ RunTime:0.001000s ]
INFO: [ app_begin ] --START--
INFO: Run Behavior\ReadHtmlCacheBehavior [ RunTime:0.001000s ]
INFO: [ app_begin ] --END-- [ RunTime:0.001000s ]
SQL: SHOW COLUMNS FROM `think_user` [ RunTime:0.0050s ]
SQL: SELECT * FROM `think_user` WHERE ( username ='johnson' AND pwd = 'gdgydx540' ) LIMIT 1   [ RunTime:0.0000s ]

[ 2016-05-04T00:22:04+08:00 ] ::1 /ThinkPHP/index.php/Admin/login.html
INFO: [ app_init ] --START--
INFO: Run Behavior\BuildLiteBehavior [ RunTime:0.000000s ]
INFO: [ app_init ] --END-- [ RunTime:0.001000s ]
INFO: [ app_begin ] --START--
INFO: Run Behavior\ReadHtmlCacheBehavior [ RunTime:0.001000s ]
INFO: [ app_begin ] --END-- [ RunTime:0.001000s ]
INFO: [ view_parse ] --START--
INFO: [ template_filter ] --START--
INFO: Run Behavior\ContentReplaceBehavior [ RunTime:0.000000s ]
INFO: [ template_filter ] --END-- [ RunTime:0.000000s ]
INFO: Run Behavior\ParseTemplateBehavior [ RunTime:0.006000s ]
INFO: [ view_parse ] --END-- [ RunTime:0.006000s ]
INFO: [ view_filter ] --START--
INFO: Run Behavior\WriteHtmlCacheBehavior [ RunTime:0.001001s ]
INFO: [ view_filter ] --END-- [ RunTime:0.001001s ]
INFO: [ app_end ] --START--
INFO: Run Behavior\ShowPageTraceBehavior [ RunTime:0.001000s ]
INFO: [ app_end ] --END-- [ RunTime:0.001000s ]

[ 2016-05-04T00:22:08+08:00 ] ::1 /ThinkPHP/index.php/Admin/Login/login
INFO: [ app_init ] --START--
INFO: Run Behavior\BuildLiteBehavior [ RunTime:0.000000s ]
INFO: [ app_init ] --END-- [ RunTime:0.001000s ]
INFO: [ app_begin ] --START--
INFO: Run Behavior\ReadHtmlCacheBehavior [ RunTime:0.001000s ]
INFO: [ app_begin ] --END-- [ RunTime:0.001000s ]
SQL: SHOW COLUMNS FROM `think_user` [ RunTime:0.0430s ]
SQL: SELECT * FROM `think_user` WHERE ( username ='johnson' AND pwd = 'gdgydx520' ) LIMIT 1   [ RunTime:0.0000s ]

[ 2016-05-04T00:22:09+08:00 ] ::1 /ThinkPHP/index.php/Admin/Index.html
INFO: [ app_init ] --START--
INFO: Run Behavior\BuildLiteBehavior [ RunTime:0.000000s ]
INFO: [ app_init ] --END-- [ RunTime:0.000000s ]
INFO: [ app_begin ] --START--
INFO: Run Behavior\ReadHtmlCacheBehavior [ RunTime:0.001000s ]
INFO: [ app_begin ] --END-- [ RunTime:0.001000s ]
SQL: SHOW COLUMNS FROM `think_config` [ RunTime:0.0060s ]
SQL: SELECT * FROM `think_config` ORDER BY id  [ RunTime:0.0010s ]
INFO: [ view_parse ] --START--
INFO: [ template_filter ] --START--
INFO: Run Behavior\ContentReplaceBehavior [ RunTime:0.000000s ]
INFO: [ template_filter ] --END-- [ RunTime:0.001000s ]
NOTIC: [8] Use of undefined constant id - assumed 'id' G:\XAMP\htdocs\ThinkPHP\app\Runtime\Cache\Admin\eaaaa69a3a7994270bfd9e5a4028ad15.php 第 41 行.
NOTIC: [8] Use of undefined constant title - assumed 'title' G:\XAMP\htdocs\ThinkPHP\app\Runtime\Cache\Admin\eaaaa69a3a7994270bfd9e5a4028ad15.php 第 42 行.
NOTIC: [8] Use of undefined constant content - assumed 'content' G:\XAMP\htdocs\ThinkPHP\app\Runtime\Cache\Admin\eaaaa69a3a7994270bfd9e5a4028ad15.php 第 43 行.
NOTIC: [8] Use of undefined constant id - assumed 'id' G:\XAMP\htdocs\ThinkPHP\app\Runtime\Cache\Admin\eaaaa69a3a7994270bfd9e5a4028ad15.php 第 41 行.
NOTIC: [8] Use of undefined constant title - assumed 'title' G:\XAMP\htdocs\ThinkPHP\app\Runtime\Cache\Admin\eaaaa69a3a7994270bfd9e5a4028ad15.php 第 42 行.
NOTIC: [8] Use of undefined constant content - assumed 'content' G:\XAMP\htdocs\ThinkPHP\app\Runtime\Cache\Admin\eaaaa69a3a7994270bfd9e5a4028ad15.php 第 43 行.
NOTIC: [8] Use of undefined constant id - assumed 'id' G:\XAMP\htdocs\ThinkPHP\app\Runtime\Cache\Admin\eaaaa69a3a7994270bfd9e5a4028ad15.php 第 41 行.
NOTIC: [8] Use of undefined constant title - assumed 'title' G:\XAMP\htdocs\ThinkPHP\app\Runtime\Cache\Admin\eaaaa69a3a7994270bfd9e5a4028ad15.php 第 42 行.
NOTIC: [8] Use of undefined constant content - assumed 'content' G:\XAMP\htdocs\ThinkPHP\app\Runtime\Cache\Admin\eaaaa69a3a7994270bfd9e5a4028ad15.php 第 43 行.
NOTIC: [8] Use of undefined constant id - assumed 'id' G:\XAMP\htdocs\ThinkPHP\app\Runtime\Cache\Admin\eaaaa69a3a7994270bfd9e5a4028ad15.php 第 41 行.
NOTIC: [8] Use of undefined constant title - assumed 'title' G:\XAMP\htdocs\ThinkPHP\app\Runtime\Cache\Admin\eaaaa69a3a7994270bfd9e5a4028ad15.php 第 42 行.
NOTIC: [8] Use of undefined constant content - assumed 'content' G:\XAMP\htdocs\ThinkPHP\app\Runtime\Cache\Admin\eaaaa69a3a7994270bfd9e5a4028ad15.php 第 43 行.
NOTIC: [8] Use of undefined constant id - assumed 'id' G:\XAMP\htdocs\ThinkPHP\app\Runtime\Cache\Admin\eaaaa69a3a7994270bfd9e5a4028ad15.php 第 41 行.
NOTIC: [8] Use of undefined constant title - assumed 'title' G:\XAMP\htdocs\ThinkPHP\app\Runtime\Cache\Admin\eaaaa69a3a7994270bfd9e5a4028ad15.php 第 42 行.
NOTIC: [8] Use of undefined constant content - assumed 'content' G:\XAMP\htdocs\ThinkPHP\app\Runtime\Cache\Admin\eaaaa69a3a7994270bfd9e5a4028ad15.php 第 43 行.
INFO: Run Behavior\ParseTemplateBehavior [ RunTime:0.036002s ]
INFO: [ view_parse ] --END-- [ RunTime:0.036002s ]
INFO: [ view_filter ] --START--
INFO: Run Behavior\WriteHtmlCacheBehavior [ RunTime:0.001001s ]
INFO: [ view_filter ] --END-- [ RunTime:0.001001s ]
INFO: [ app_end ] --START--
INFO: Run Behavior\ShowPageTraceBehavior [ RunTime:0.001000s ]
INFO: [ app_end ] --END-- [ RunTime:0.001000s ]

