[ 2016-05-02T10:03:55+08:00 ] ::1 /ThinkPHP/index.php/admin/login
INFO: [ app_init ] --START--
INFO: Run Behavior\BuildLiteBehavior [ RunTime:0.000000s ]
INFO: [ app_init ] --END-- [ RunTime:0.000000s ]
INFO: [ app_begin ] --START--
INFO: Run Behavior\ReadHtmlCacheBehavior [ RunTime:0.001000s ]
INFO: [ app_begin ] --END-- [ RunTime:0.001000s ]
INFO: [ view_parse ] --START--
INFO: [ template_filter ] --START--
INFO: Run Behavior\ContentReplaceBehavior [ RunTime:0.000000s ]
INFO: [ template_filter ] --END-- [ RunTime:0.000000s ]
INFO: Run Behavior\ParseTemplateBehavior [ RunTime:0.086005s ]
INFO: [ view_parse ] --END-- [ RunTime:0.086005s ]
INFO: [ view_filter ] --START--
INFO: Run Behavior\WriteHtmlCacheBehavior [ RunTime:0.001000s ]
INFO: [ view_filter ] --END-- [ RunTime:0.001000s ]
INFO: [ app_end ] --START--
INFO: Run Behavior\ShowPageTraceBehavior [ RunTime:0.001000s ]
INFO: [ app_end ] --END-- [ RunTime:0.001000s ]

[ 2016-05-02T10:03:59+08:00 ] ::1 /ThinkPHP/index.php/admin/index
INFO: [ app_init ] --START--
INFO: Run Behavior\BuildLiteBehavior [ RunTime:0.000000s ]
INFO: [ app_init ] --END-- [ RunTime:0.001001s ]
INFO: [ app_begin ] --START--
INFO: Run Behavior\ReadHtmlCacheBehavior [ RunTime:0.001000s ]
INFO: [ app_begin ] --END-- [ RunTime:0.001000s ]

[ 2016-05-02T10:03:59+08:00 ] ::1 /ThinkPHP/index.php/Admin/login.html
INFO: [ app_init ] --START--
INFO: Run Behavior\BuildLiteBehavior [ RunTime:0.000000s ]
INFO: [ app_init ] --END-- [ RunTime:0.001000s ]
INFO: [ app_begin ] --START--
INFO: Run Behavior\ReadHtmlCacheBehavior [ RunTime:0.002000s ]
INFO: [ app_begin ] --END-- [ RunTime:0.002000s ]
INFO: [ view_parse ] --START--
INFO: [ template_filter ] --START--
INFO: Run Behavior\ContentReplaceBehavior [ RunTime:0.000000s ]
INFO: [ template_filter ] --END-- [ RunTime:0.000000s ]
INFO: Run Behavior\ParseTemplateBehavior [ RunTime:0.012001s ]
INFO: [ view_parse ] --END-- [ RunTime:0.012001s ]
INFO: [ view_filter ] --START--
INFO: Run Behavior\WriteHtmlCacheBehavior [ RunTime:0.001000s ]
INFO: [ view_filter ] --END-- [ RunTime:0.001000s ]
INFO: [ app_end ] --START--
INFO: Run Behavior\ShowPageTraceBehavior [ RunTime:0.001000s ]
INFO: [ app_end ] --END-- [ RunTime:0.001000s ]

[ 2016-05-02T10:04:04+08:00 ] ::1 /ThinkPHP/index.php/Admin/Login/login
INFO: [ app_init ] --START--
INFO: Run Behavior\BuildLiteBehavior [ RunTime:0.000000s ]
INFO: [ app_init ] --END-- [ RunTime:0.001000s ]
INFO: [ app_begin ] --START--
INFO: Run Behavior\ReadHtmlCacheBehavior [ RunTime:0.001000s ]
INFO: [ app_begin ] --END-- [ RunTime:0.001000s ]
SQL: SHOW COLUMNS FROM `think_user` [ RunTime:0.0030s ]
SQL: SELECT * FROM `think_user` WHERE ( username ='johnson' AND pwd = 'gdgydx520' ) LIMIT 1   [ RunTime:0.0000s ]

[ 2016-05-02T10:04:04+08:00 ] ::1 /ThinkPHP/index.php/Admin/Index.html
INFO: [ app_init ] --START--
INFO: Run Behavior\BuildLiteBehavior [ RunTime:0.000000s ]
INFO: [ app_init ] --END-- [ RunTime:0.001000s ]
INFO: [ app_begin ] --START--
INFO: Run Behavior\ReadHtmlCacheBehavior [ RunTime:0.001000s ]
INFO: [ app_begin ] --END-- [ RunTime:0.001000s ]
SQL: SHOW COLUMNS FROM `think_config` [ RunTime:0.0020s ]
SQL: SELECT * FROM `think_config` ORDER BY id  [ RunTime:0.0000s ]
INFO: [ view_parse ] --START--
INFO: [ template_filter ] --START--
INFO: Run Behavior\ContentReplaceBehavior [ RunTime:0.000000s ]
INFO: [ template_filter ] --END-- [ RunTime:0.000000s ]
NOTIC: [8] Use of undefined constant id - assumed 'id' G:\XAMP\htdocs\ThinkPHP\app\Runtime\Cache\Admin\eaaaa69a3a7994270bfd9e5a4028ad15.php 第 41 行.
NOTIC: [8] Use of undefined constant title - assumed 'title' G:\XAMP\htdocs\ThinkPHP\app\Runtime\Cache\Admin\eaaaa69a3a7994270bfd9e5a4028ad15.php 第 42 行.
NOTIC: [8] Use of undefined constant content - assumed 'content' G:\XAMP\htdocs\ThinkPHP\app\Runtime\Cache\Admin\eaaaa69a3a7994270bfd9e5a4028ad15.php 第 43 行.
NOTIC: [8] Use of undefined constant id - assumed 'id' G:\XAMP\htdocs\ThinkPHP\app\Runtime\Cache\Admin\eaaaa69a3a7994270bfd9e5a4028ad15.php 第 41 行.
NOTIC: [8] Use of undefined constant title - assumed 'title' G:\XAMP\htdocs\ThinkPHP\app\Runtime\Cache\Admin\eaaaa69a3a7994270bfd9e5a4028ad15.php 第 42 行.
NOTIC: [8] Use of undefined constant content - assumed 'content' G:\XAMP\htdocs\ThinkPHP\app\Runtime\Cache\Admin\eaaaa69a3a7994270bfd9e5a4028ad15.php 第 43 行.
NOTIC: [8] Use of undefined constant id - assumed 'id' G:\XAMP\htdocs\ThinkPHP\app\Runtime\Cache\Admin\eaaaa69a3a7994270bfd9e5a4028ad15.php 第 41 行.
NOTIC: [8] Use of undefined constant title - assumed 'title' G:\XAMP\htdocs\ThinkPHP\app\Runtime\Cache\Admin\eaaaa69a3a7994270bfd9e5a4028ad15.php 第 42 行.
NOTIC: [8] Use of undefined constant content - assumed 'content' G:\XAMP\htdocs\ThinkPHP\app\Runtime\Cache\Admin\eaaaa69a3a7994270bfd9e5a4028ad15.php 第 43 行.
NOTIC: [8] Use of undefined constant id - assumed 'id' G:\XAMP\htdocs\ThinkPHP\app\Runtime\Cache\Admin\eaaaa69a3a7994270bfd9e5a4028ad15.php 第 41 行.
NOTIC: [8] Use of undefined constant title - assumed 'title' G:\XAMP\htdocs\ThinkPHP\app\Runtime\Cache\Admin\eaaaa69a3a7994270bfd9e5a4028ad15.php 第 42 行.
NOTIC: [8] Use of undefined constant content - assumed 'content' G:\XAMP\htdocs\ThinkPHP\app\Runtime\Cache\Admin\eaaaa69a3a7994270bfd9e5a4028ad15.php 第 43 行.
INFO: Run Behavior\ParseTemplateBehavior [ RunTime:0.071004s ]
INFO: [ view_parse ] --END-- [ RunTime:0.071004s ]
INFO: [ view_filter ] --START--
INFO: Run Behavior\WriteHtmlCacheBehavior [ RunTime:0.001000s ]
INFO: [ view_filter ] --END-- [ RunTime:0.001000s ]
INFO: [ app_end ] --START--
INFO: Run Behavior\ShowPageTraceBehavior [ RunTime:0.001000s ]
INFO: [ app_end ] --END-- [ RunTime:0.001000s ]

[ 2016-05-02T10:04:50+08:00 ] ::1 /ThinkPHP/index.php/Admin/Index/addConfig
INFO: [ app_init ] --START--
INFO: Run Behavior\BuildLiteBehavior [ RunTime:0.000000s ]
INFO: [ app_init ] --END-- [ RunTime:0.001000s ]
INFO: [ app_begin ] --START--
INFO: Run Behavior\ReadHtmlCacheBehavior [ RunTime:0.001000s ]
INFO: [ app_begin ] --END-- [ RunTime:0.001000s ]
SQL: SHOW COLUMNS FROM `think_config` [ RunTime:0.0000s ]
SQL: INSERT INTO `think_config` (`title`,`content`) VALUES ('最新公告','2016届学生即将毕业！') [ RunTime:0.1400s ]
INFO: [ app_end ] --START--
INFO: Run Behavior\ShowPageTraceBehavior [ RunTime:0.010000s ]
INFO: [ app_end ] --END-- [ RunTime:0.010000s ]

[ 2016-05-02T10:04:51+08:00 ] ::1 /ThinkPHP/index.php/Admin/Index.html
INFO: [ app_init ] --START--
INFO: Run Behavior\BuildLiteBehavior [ RunTime:0.000000s ]
INFO: [ app_init ] --END-- [ RunTime:0.000000s ]
INFO: [ app_begin ] --START--
INFO: Run Behavior\ReadHtmlCacheBehavior [ RunTime:0.000000s ]
INFO: [ app_begin ] --END-- [ RunTime:0.000000s ]
SQL: SHOW COLUMNS FROM `think_config` [ RunTime:0.0120s ]
SQL: SELECT * FROM `think_config` ORDER BY id  [ RunTime:0.0010s ]
INFO: [ view_parse ] --START--
INFO: [ template_filter ] --START--
INFO: Run Behavior\ContentReplaceBehavior [ RunTime:0.000000s ]
INFO: [ template_filter ] --END-- [ RunTime:0.000000s ]
NOTIC: [8] Use of undefined constant id - assumed 'id' G:\XAMP\htdocs\ThinkPHP\app\Runtime\Cache\Admin\eaaaa69a3a7994270bfd9e5a4028ad15.php 第 41 行.
NOTIC: [8] Use of undefined constant title - assumed 'title' G:\XAMP\htdocs\ThinkPHP\app\Runtime\Cache\Admin\eaaaa69a3a7994270bfd9e5a4028ad15.php 第 42 行.
NOTIC: [8] Use of undefined constant content - assumed 'content' G:\XAMP\htdocs\ThinkPHP\app\Runtime\Cache\Admin\eaaaa69a3a7994270bfd9e5a4028ad15.php 第 43 行.
NOTIC: [8] Use of undefined constant id - assumed 'id' G:\XAMP\htdocs\ThinkPHP\app\Runtime\Cache\Admin\eaaaa69a3a7994270bfd9e5a4028ad15.php 第 41 行.
NOTIC: [8] Use of undefined constant title - assumed 'title' G:\XAMP\htdocs\ThinkPHP\app\Runtime\Cache\Admin\eaaaa69a3a7994270bfd9e5a4028ad15.php 第 42 行.
NOTIC: [8] Use of undefined constant content - assumed 'content' G:\XAMP\htdocs\ThinkPHP\app\Runtime\Cache\Admin\eaaaa69a3a7994270bfd9e5a4028ad15.php 第 43 行.
NOTIC: [8] Use of undefined constant id - assumed 'id' G:\XAMP\htdocs\ThinkPHP\app\Runtime\Cache\Admin\eaaaa69a3a7994270bfd9e5a4028ad15.php 第 41 行.
NOTIC: [8] Use of undefined constant title - assumed 'title' G:\XAMP\htdocs\ThinkPHP\app\Runtime\Cache\Admin\eaaaa69a3a7994270bfd9e5a4028ad15.php 第 42 行.
NOTIC: [8] Use of undefined constant content - assumed 'content' G:\XAMP\htdocs\ThinkPHP\app\Runtime\Cache\Admin\eaaaa69a3a7994270bfd9e5a4028ad15.php 第 43 行.
NOTIC: [8] Use of undefined constant id - assumed 'id' G:\XAMP\htdocs\ThinkPHP\app\Runtime\Cache\Admin\eaaaa69a3a7994270bfd9e5a4028ad15.php 第 41 行.
NOTIC: [8] Use of undefined constant title - assumed 'title' G:\XAMP\htdocs\ThinkPHP\app\Runtime\Cache\Admin\eaaaa69a3a7994270bfd9e5a4028ad15.php 第 42 行.
NOTIC: [8] Use of undefined constant content - assumed 'content' G:\XAMP\htdocs\ThinkPHP\app\Runtime\Cache\Admin\eaaaa69a3a7994270bfd9e5a4028ad15.php 第 43 行.
NOTIC: [8] Use of undefined constant id - assumed 'id' G:\XAMP\htdocs\ThinkPHP\app\Runtime\Cache\Admin\eaaaa69a3a7994270bfd9e5a4028ad15.php 第 41 行.
NOTIC: [8] Use of undefined constant title - assumed 'title' G:\XAMP\htdocs\ThinkPHP\app\Runtime\Cache\Admin\eaaaa69a3a7994270bfd9e5a4028ad15.php 第 42 行.
NOTIC: [8] Use of undefined constant content - assumed 'content' G:\XAMP\htdocs\ThinkPHP\app\Runtime\Cache\Admin\eaaaa69a3a7994270bfd9e5a4028ad15.php 第 43 行.
INFO: Run Behavior\ParseTemplateBehavior [ RunTime:0.009000s ]
INFO: [ view_parse ] --END-- [ RunTime:0.009000s ]
INFO: [ view_filter ] --START--
INFO: Run Behavior\WriteHtmlCacheBehavior [ RunTime:0.000000s ]
INFO: [ view_filter ] --END-- [ RunTime:0.000000s ]
INFO: [ app_end ] --START--
INFO: Run Behavior\ShowPageTraceBehavior [ RunTime:0.001000s ]
INFO: [ app_end ] --END-- [ RunTime:0.001000s ]

