[ 2016-03-25T13:31:43+08:00 ] ::1 /ThinkPHP/app/Admin/View/index/__PUBLIC__/admin/css/index.css
INFO: [ app_init ] --START--
INFO: Run Behavior\BuildLiteBehavior [ RunTime:0.000000s ]
INFO: [ app_init ] --END-- [ RunTime:0.001000s ]
ERR: 无法加载模块:App

[ 2016-03-25T13:31:43+08:00 ] ::1 /ThinkPHP/app/Admin/View/index/__PUBLIC__/js/bootstrap.min.js
INFO: [ app_init ] --START--
INFO: Run Behavior\BuildLiteBehavior [ RunTime:0.000000s ]
INFO: [ app_init ] --END-- [ RunTime:0.002000s ]
ERR: 无法加载模块:App

[ 2016-03-25T13:31:43+08:00 ] ::1 /ThinkPHP/app/Admin/View/index/__PUBLIC__/img/banner.jpg
INFO: [ app_init ] --START--
INFO: Run Behavior\BuildLiteBehavior [ RunTime:0.000000s ]
INFO: [ app_init ] --END-- [ RunTime:0.001000s ]
ERR: 无法加载模块:App

[ 2016-03-25T13:31:43+08:00 ] ::1 /ThinkPHP/app/Admin/View/index/__PUBLIC__/js/jQuery.js
INFO: [ app_init ] --START--
INFO: Run Behavior\BuildLiteBehavior [ RunTime:0.000000s ]
INFO: [ app_init ] --END-- [ RunTime:0.007000s ]
ERR: 无法加载模块:App

[ 2016-03-25T13:31:43+08:00 ] ::1 /ThinkPHP/app/Admin/View/index/__PUBLIC__/css/bootstrap.css
INFO: [ app_init ] --START--
INFO: Run Behavior\BuildLiteBehavior [ RunTime:0.000000s ]
INFO: [ app_init ] --END-- [ RunTime:0.001000s ]
ERR: 无法加载模块:App

[ 2016-03-25T13:31:43+08:00 ] ::1 /ThinkPHP/app/Admin/View/index/__PUBLIC__/img/banner.jpg
INFO: [ app_init ] --START--
INFO: Run Behavior\BuildLiteBehavior [ RunTime:0.000000s ]
INFO: [ app_init ] --END-- [ RunTime:0.001000s ]
ERR: 无法加载模块:App

[ 2016-03-25T13:31:49+08:00 ] ::1 /ThinkPHP/app/Admin/View/index/__PUBLIC__/admin/css/index.css
INFO: [ app_init ] --START--
INFO: Run Behavior\BuildLiteBehavior [ RunTime:0.000000s ]
INFO: [ app_init ] --END-- [ RunTime:0.001000s ]
ERR: 无法加载模块:App

[ 2016-03-25T13:31:49+08:00 ] ::1 /ThinkPHP/app/Admin/View/index/__PUBLIC__/css/bootstrap.css
INFO: [ app_init ] --START--
INFO: Run Behavior\BuildLiteBehavior [ RunTime:0.000000s ]
INFO: [ app_init ] --END-- [ RunTime:0.000000s ]
ERR: 无法加载模块:App

