[ 2016-04-03T12:16:16+08:00 ] ::1 /ThinkPHP/index.php/article/
INFO: [ app_init ] --START--
INFO: Run Behavior\BuildLiteBehavior [ RunTime:0.000000s ]
INFO: [ app_init ] --END-- [ RunTime:0.001000s ]
ERR: 无法加载模块:Article

[ 2016-04-03T12:16:53+08:00 ] ::1 /ThinkPHP/index.php/article/
INFO: [ app_init ] --START--
INFO: Run Behavior\BuildLiteBehavior [ RunTime:0.001000s ]
INFO: [ app_init ] --END-- [ RunTime:0.001000s ]
ERR: 无法加载模块:Article

[ 2016-04-03T12:17:30+08:00 ] ::1 /ThinkPHP/index.php/article/
INFO: [ app_init ] --START--
INFO: Run Behavior\BuildLiteBehavior [ RunTime:0.000000s ]
INFO: [ app_init ] --END-- [ RunTime:0.001000s ]
ERR: 无法加载模块:Article

[ 2016-04-03T12:30:57+08:00 ] ::1 /ThinkPHP/index.php/article/idnex/p/1.html
INFO: [ app_init ] --START--
INFO: Run Behavior\BuildLiteBehavior [ RunTime:0.000000s ]
INFO: [ app_init ] --END-- [ RunTime:0.000000s ]
ERR: 无法加载模块:Article

[ 2016-04-03T12:31:24+08:00 ] ::1 /ThinkPHP/index.php/news/index/p/1
INFO: [ app_init ] --START--
INFO: Run Behavior\BuildLiteBehavior [ RunTime:0.000000s ]
INFO: [ app_init ] --END-- [ RunTime:0.000000s ]
ERR: 无法加载模块:News

[ 2016-04-03T13:32:17+08:00 ] ::1 /ThinkPHP/uedit/ueditor.all.js
INFO: [ app_init ] --START--
INFO: Run Behavior\BuildLiteBehavior [ RunTime:0.000000s ]
INFO: [ app_init ] --END-- [ RunTime:0.001000s ]
ERR: 无法加载模块:Uedit

[ 2016-04-03T13:41:30+08:00 ] ::1 /ThinkPHP/uedit/controller.php
INFO: [ app_init ] --START--
INFO: Run Behavior\BuildLiteBehavior [ RunTime:0.000000s ]
INFO: [ app_init ] --END-- [ RunTime:0.001000s ]
ERR: 无法加载模块:Uedit

[ 2016-04-03T17:56:44+08:00 ] ::1 /ThinkPHP/lang/zh-cn/zh-cn.js
INFO: [ app_init ] --START--
INFO: Run Behavior\BuildLiteBehavior [ RunTime:0.000000s ]
INFO: [ app_init ] --END-- [ RunTime:0.000000s ]
ERR: 无法加载模块:Lang

[ 2016-04-03T17:56:45+08:00 ] ::1 /ThinkPHP/themes/default/css/ueditor.css
INFO: [ app_init ] --START--
INFO: Run Behavior\BuildLiteBehavior [ RunTime:0.000000s ]
INFO: [ app_init ] --END-- [ RunTime:0.002000s ]
ERR: 无法加载模块:Themes

[ 2016-04-03T17:56:45+08:00 ] ::1 /ThinkPHP/php/controller.php?action=config&&noCache=1459677405050
INFO: [ app_init ] --START--
INFO: Run Behavior\BuildLiteBehavior [ RunTime:0.000000s ]
INFO: [ app_init ] --END-- [ RunTime:0.000000s ]
ERR: 无法加载模块:Php

[ 2016-04-03T17:56:49+08:00 ] ::1 /ThinkPHP/lang/zh-cn/zh-cn.js
INFO: [ app_init ] --START--
INFO: Run Behavior\BuildLiteBehavior [ RunTime:0.000000s ]
INFO: [ app_init ] --END-- [ RunTime:0.001001s ]
ERR: 无法加载模块:Lang

[ 2016-04-03T17:56:49+08:00 ] ::1 /ThinkPHP/themes/default/css/ueditor.css
INFO: [ app_init ] --START--
INFO: Run Behavior\BuildLiteBehavior [ RunTime:0.000000s ]
INFO: [ app_init ] --END-- [ RunTime:0.000000s ]
ERR: 无法加载模块:Themes

[ 2016-04-03T17:56:50+08:00 ] ::1 /ThinkPHP/php/controller.php?action=config&&noCache=1459677409974
INFO: [ app_init ] --START--
INFO: Run Behavior\BuildLiteBehavior [ RunTime:0.000000s ]
INFO: [ app_init ] --END-- [ RunTime:0.001000s ]
ERR: 无法加载模块:Php

